FAKEGUARD AI TEST REPORT
============================================================

Generated: 2026-09-22 13:19:42.789127

Exit code: 0

============================= test session starts =============================
platform win32 -- Python 3.14.2, pytest-9.1.1, pluggy-1.6.0 -- C:\Users\BAPS\Desktop\FakeNewsDetection\venv\Scripts\python.exe
cachedir: .pytest_cache
rootdir: C:\Users\BAPS\Desktop\FakeNewsDetection
configfile: pytest.ini
testpaths: tests, backend/tests
plugins: anyio-4.14.2
collecting ... collected 45 items

tests/integration/test_explain_api.py::test_explain_endpoint PASSED      [  2%]
tests/integration/test_explain_api.py::test_explain_validation PASSED    [  4%]
tests/integration/test_history_api.py::test_prediction_creates_history PASSED [  6%]
tests/integration/test_history_api.py::test_analytics_endpoint PASSED    [  8%]
tests/integration/test_history_api.py::test_history_detail PASSED        [ 11%]
tests/integration/test_history_api.py::test_missing_history_item PASSED  [ 13%]
tests/integration/test_prediction_api.py::test_health_endpoint PASSED    [ 15%]
tests/integration/test_prediction_api.py::test_root_endpoint PASSED      [ 17%]
tests/integration/test_prediction_api.py::test_model_info_endpoint PASSED [ 20%]
tests/integration/test_prediction_api.py::test_prediction_endpoint PASSED [ 22%]
tests/integration/test_prediction_api.py::test_prediction_validation PASSED [ 24%]
tests/performance/test_prediction_performance.py::test_prediction_performance PASSED [ 26%]
tests/regression/test_prediction_regression.py::test_prediction_contract PASSED [ 28%]
tests/unit/test_explainer.py::test_explainer_ready PASSED                [ 31%]
tests/unit/test_explainer.py::test_explanation_result PASSED             [ 33%]
tests/unit/test_explainer.py::test_explanation_prediction PASSED         [ 35%]
tests/unit/test_explainer.py::test_explanation_features_are_lists PASSED [ 37%]
tests/unit/test_explainer.py::test_short_text_rejected PASSED            [ 40%]
tests/unit/test_predictor.py::test_predictor_initialization PASSED       [ 42%]
tests/unit/test_predictor.py::test_prediction_result PASSED              [ 44%]
tests/unit/test_predictor.py::test_prediction_label PASSED               [ 46%]
tests/unit/test_predictor.py::test_prediction_label_id PASSED            [ 48%]
tests/unit/test_predictor.py::test_short_text_rejected PASSED            [ 51%]
tests/unit/test_predictor.py::test_empty_text_rejected PASSED            [ 53%]
tests/unit/test_predictor.py::test_batch_prediction PASSED               [ 55%]
tests/unit/test_security.py::test_null_character_removed PASSED          [ 57%]
tests/unit/test_security.py::test_control_characters_removed PASSED      [ 60%]
tests/unit/test_security.py::test_whitespace_normalized PASSED           [ 62%]
tests/unit/test_security.py::test_valid_length PASSED                    [ 64%]
tests/unit/test_security.py::test_short_text PASSED                      [ 66%]
tests/unit/test_security.py::test_long_text PASSED                       [ 68%]
tests/unit/test_text_cleaner.py::test_unicode_normalization PASSED       [ 71%]
tests/unit/test_text_cleaner.py::test_whitespace_normalization PASSED    [ 73%]
tests/unit/test_text_cleaner.py::test_url_normalization PASSED           [ 75%]
tests/unit/test_text_cleaner.py::test_email_normalization PASSED         [ 77%]
tests/unit/test_text_cleaner.py::test_repeated_characters PASSED         [ 80%]
tests/unit/test_text_cleaner.py::test_clean_text PASSED                  [ 82%]
backend/tests/test_api.py::test_root PASSED                              [ 84%]
backend/tests/test_api.py::test_health PASSED                            [ 86%]
backend/tests/test_api.py::test_model_info PASSED                        [ 88%]
backend/tests/test_api.py::test_prediction PASSED                        [ 91%]
backend/tests/test_api.py::test_empty_prediction PASSED                  [ 93%]
backend/tests/test_api.py::test_batch_prediction PASSED                  [ 95%]
backend/tests/test_api.py::test_explain_endpoint PASSED                  [ 97%]
backend/tests/test_api.py::test_history_and_analytics_flow PASSED        [100%]

============================== warnings summary ===============================
venv\Lib\site-packages\fastapi\testclient.py:1
  C:\Users\BAPS\Desktop\FakeNewsDetection\venv\Lib\site-packages\fastapi\testclient.py:1: StarletteDeprecationWarning: Using `httpx` with `starlette.testclient` is deprecated; install `httpx2` instead.
    from starlette.testclient import TestClient as TestClient  # noqa

backend\app\main.py:94
  C:\Users\BAPS\Desktop\FakeNewsDetection\backend\app\main.py:94: DeprecationWarning: 
          on_event is deprecated, use lifespan event handlers instead.
  
          Read more about it in the
          [FastAPI docs for Lifespan Events](https://fastapi.tiangolo.com/advanced/events/).
          
    @app.on_event("startup")

venv\Lib\site-packages\fastapi\applications.py:4681
venv\Lib\site-packages\fastapi\applications.py:4681
  C:\Users\BAPS\Desktop\FakeNewsDetection\venv\Lib\site-packages\fastapi\applications.py:4681: DeprecationWarning: 
          on_event is deprecated, use lifespan event handlers instead.
  
          Read more about it in the
          [FastAPI docs for Lifespan Events](https://fastapi.tiangolo.com/advanced/events/).
          
    return self.router.on_event(event_type)  # ty: ignore[deprecated]

backend\app\main.py:109
  C:\Users\BAPS\Desktop\FakeNewsDetection\backend\app\main.py:109: DeprecationWarning: 
          on_event is deprecated, use lifespan event handlers instead.
  
          Read more about it in the
          [FastAPI docs for Lifespan Events](https://fastapi.tiangolo.com/advanced/events/).
          
    @app.on_event("shutdown")

tests/integration/test_history_api.py::test_prediction_creates_history
tests/integration/test_history_api.py::test_history_detail
tests/integration/test_prediction_api.py::test_prediction_endpoint
backend/tests/test_api.py::test_prediction
backend/tests/test_api.py::test_history_and_analytics_flow
  C:\Users\BAPS\Desktop\FakeNewsDetection\venv\Lib\site-packages\sqlalchemy\sql\schema.py:3627: DeprecationWarning: datetime.datetime.utcnow() is deprecated and scheduled for removal in a future version. Use timezone-aware objects to represent datetimes in UTC: datetime.datetime.now(datetime.UTC).
    return util.wrap_callable(lambda ctx: fn(), fn)  # type: ignore

-- Docs: https://docs.pytest.org/en/stable/how-to/capture-warnings.html
======================= 45 passed, 10 warnings in 7.55s =======================
